android/app/build/intermediates/manifest_merge_blame_file/debug/manifest-merger-blame-debug-report.txt
1<?xml version="1.0" encoding="utf-8"?>
2<manifest xmlns:android="http://schemas.android.com/apk/res/android"
3    package="com.example.local_market"
4    android:versionCode="1"
5    android:versionName="1.0" >
6
7    <uses-sdk
8        android:minSdkVersion="21"
9        android:targetSdkVersion="33" />
10    <!--
11         The INTERNET permission is required for development. Specifically,
12         the Flutter tool needs it to communicate with the running application
13         to allow setting breakpoints, to provide hot reload, etc.
14    -->
15    <uses-permission android:name="android.permission.INTERNET" />
15-->src\debug\AndroidManifest.xml:6:5-66
15-->src\debug\AndroidManifest.xml:6:22-64
16    <uses-permission android:name="android.permission.ACCESS_FINE_LOCATION" />
16-->src\debug\AndroidManifest.xml:7:5-78
16-->src\debug\AndroidManifest.xml:7:22-76
17    <uses-permission android:name="android.permission.ACCESS_COARSE_LOCATION" />
17-->src\debug\AndroidManifest.xml:8:5-80
17-->src\debug\AndroidManifest.xml:8:22-78
18    <!--
19     Required to query activities that can process text, see:
20         https://developer.android.com/training/package-visibility?hl=en and
21         https://developer.android.com/reference/android/content/Intent#ACTION_PROCESS_TEXT.
22
23         In particular, this is used by the Flutter engine in io.flutter.plugin.text.ProcessTextPlugin.
24    -->
25    <queries>
25-->src\main\AndroidManifest.xml:38:5-43:15
26        <intent>
26-->src\main\AndroidManifest.xml:39:9-42:18
27            <action android:name="android.intent.action.PROCESS_TEXT" />
27-->src\main\AndroidManifest.xml:40:13-72
27-->src\main\AndroidManifest.xml:40:21-70
28
29            <data android:mimeType="text/plain" />
29-->src\main\AndroidManifest.xml:41:13-50
29-->src\main\AndroidManifest.xml:41:19-48
30        </intent>
31    </queries>
32
33    <permission
33-->[androidx.core:core:1.13.0] AndroidManifest.xml:22:5-24:47
34        android:name="com.example.local_market.DYNAMIC_RECEIVER_NOT_EXPORTED_PERMISSION"
34-->[androidx.core:core:1.13.0] AndroidManifest.xml:23:9-81
35        android:protectionLevel="signature" />
35-->[androidx.core:core:1.13.0] AndroidManifest.xml:24:9-44
36
37    <uses-permission android:name="com.example.local_market.DYNAMIC_RECEIVER_NOT_EXPORTED_PERMISSION" />
37-->[androidx.core:core:1.13.0] AndroidManifest.xml:26:5-97
37-->[androidx.core:core:1.13.0] AndroidManifest.xml:26:22-94
38
39    <application
40        android:name="android.app.Application"
41        android:appComponentFactory="androidx.core.app.CoreComponentFactory"
41-->[androidx.core:core:1.13.0] AndroidManifest.xml:28:18-86
42        android:debuggable="true"
43        android:icon="@mipmap/ic_launcher"
44        android:label="local_market" >
45        <activity
46            android:name="com.example.local_market.MainActivity"
47            android:configChanges="orientation|keyboardHidden|keyboard|screenSize|smallestScreenSize|locale|layoutDirection|fontScale|screenLayout|density|uiMode"
48            android:exported="true"
49            android:hardwareAccelerated="true"
50            android:launchMode="singleTop"
51            android:theme="@style/LaunchTheme"
52            android:windowSoftInputMode="adjustResize" >
53
54            <!--
55                 Specifies an Android theme to apply to this Activity as soon as
56                 the Android process has started. This theme is visible to the user
57                 while the Flutter UI initializes. After that, this theme continues
58                 to determine the Window background behind the Flutter UI.
59            -->
60            <meta-data
61                android:name="io.flutter.embedding.android.NormalTheme"
62                android:resource="@style/NormalTheme" />
63
64            <intent-filter>
65                <action android:name="android.intent.action.MAIN" />
66
67                <category android:name="android.intent.category.LAUNCHER" />
68            </intent-filter>
69        </activity>
70        <!--
71             Don't delete the meta-data below.
72             This is used by the Flutter tool to generate GeneratedPluginRegistrant.java
73        -->
74        <meta-data
75            android:name="flutterEmbedding"
76            android:value="2" />
77
78        <service
78-->[:geolocator_android] AndroidManifest.xml:10:9-14:56
79            android:name="com.baseflow.geolocator.GeolocatorLocationService"
79-->[:geolocator_android] AndroidManifest.xml:11:13-77
80            android:enabled="true"
80-->[:geolocator_android] AndroidManifest.xml:12:13-35
81            android:exported="false"
81-->[:geolocator_android] AndroidManifest.xml:13:13-37
82            android:foregroundServiceType="location" />
82-->[:geolocator_android] AndroidManifest.xml:14:13-53
83
84        <activity
84-->[com.google.android.gms:play-services-base:18.3.0] AndroidManifest.xml:20:9-22:45
85            android:name="com.google.android.gms.common.api.GoogleApiActivity"
85-->[com.google.android.gms:play-services-base:18.3.0] AndroidManifest.xml:20:19-85
86            android:exported="false"
86-->[com.google.android.gms:play-services-base:18.3.0] AndroidManifest.xml:22:19-43
87            android:theme="@android:style/Theme.Translucent.NoTitleBar" />
87-->[com.google.android.gms:play-services-base:18.3.0] AndroidManifest.xml:21:19-78
88
89        <meta-data
89-->[com.google.android.gms:play-services-basement:18.3.0] AndroidManifest.xml:21:9-23:69
90            android:name="com.google.android.gms.version"
90-->[com.google.android.gms:play-services-basement:18.3.0] AndroidManifest.xml:22:13-58
91            android:value="@integer/google_play_services_version" />
91-->[com.google.android.gms:play-services-basement:18.3.0] AndroidManifest.xml:23:13-66
92
93        <uses-library
93-->[androidx.window:window:1.0.0-beta04] AndroidManifest.xml:25:9-27:40
94            android:name="androidx.window.extensions"
94-->[androidx.window:window:1.0.0-beta04] AndroidManifest.xml:26:13-54
95            android:required="false" />
95-->[androidx.window:window:1.0.0-beta04] AndroidManifest.xml:27:13-37
96        <uses-library
96-->[androidx.window:window:1.0.0-beta04] AndroidManifest.xml:28:9-30:40
97            android:name="androidx.window.sidecar"
97-->[androidx.window:window:1.0.0-beta04] AndroidManifest.xml:29:13-51
98            android:required="false" />
98-->[androidx.window:window:1.0.0-beta04] AndroidManifest.xml:30:13-37
99
100        <provider
100-->[androidx.profileinstaller:profileinstaller:1.3.0] AndroidManifest.xml:24:9-32:20
101            android:name="androidx.startup.InitializationProvider"
101-->[androidx.profileinstaller:profileinstaller:1.3.0] AndroidManifest.xml:25:13-67
102            android:authorities="com.example.local_market.androidx-startup"
102-->[androidx.profileinstaller:profileinstaller:1.3.0] AndroidManifest.xml:26:13-68
103            android:exported="false" >
103-->[androidx.profileinstaller:profileinstaller:1.3.0] AndroidManifest.xml:27:13-37
104            <meta-data
104-->[androidx.profileinstaller:profileinstaller:1.3.0] AndroidManifest.xml:29:13-31:52
105                android:name="androidx.profileinstaller.ProfileInstallerInitializer"
105-->[androidx.profileinstaller:profileinstaller:1.3.0] AndroidManifest.xml:30:17-85
106                android:value="androidx.startup" />
106-->[androidx.profileinstaller:profileinstaller:1.3.0] AndroidManifest.xml:31:17-49
107        </provider>
108
109        <receiver
109-->[androidx.profileinstaller:profileinstaller:1.3.0] AndroidManifest.xml:34:9-52:20
110            android:name="androidx.profileinstaller.ProfileInstallReceiver"
110-->[androidx.profileinstaller:profileinstaller:1.3.0] AndroidManifest.xml:35:13-76
111            android:directBootAware="false"
111-->[androidx.profileinstaller:profileinstaller:1.3.0] AndroidManifest.xml:36:13-44
112            android:enabled="true"
112-->[androidx.profileinstaller:profileinstaller:1.3.0] AndroidManifest.xml:37:13-35
113            android:exported="true"
113-->[androidx.profileinstaller:profileinstaller:1.3.0] AndroidManifest.xml:38:13-36
114            android:permission="android.permission.DUMP" >
114-->[androidx.profileinstaller:profileinstaller:1.3.0] AndroidManifest.xml:39:13-57
115            <intent-filter>
115-->[androidx.profileinstaller:profileinstaller:1.3.0] AndroidManifest.xml:40:13-42:29
116                <action android:name="androidx.profileinstaller.action.INSTALL_PROFILE" />
116-->[androidx.profileinstaller:profileinstaller:1.3.0] AndroidManifest.xml:41:17-91
116-->[androidx.profileinstaller:profileinstaller:1.3.0] AndroidManifest.xml:41:25-88
117            </intent-filter>
118            <intent-filter>
118-->[androidx.profileinstaller:profileinstaller:1.3.0] AndroidManifest.xml:43:13-45:29
119                <action android:name="androidx.profileinstaller.action.SKIP_FILE" />
119-->[androidx.profileinstaller:profileinstaller:1.3.0] AndroidManifest.xml:44:17-85
119-->[androidx.profileinstaller:profileinstaller:1.3.0] AndroidManifest.xml:44:25-82
120            </intent-filter>
121            <intent-filter>
121-->[androidx.profileinstaller:profileinstaller:1.3.0] AndroidManifest.xml:46:13-48:29
122                <action android:name="androidx.profileinstaller.action.SAVE_PROFILE" />
122-->[androidx.profileinstaller:profileinstaller:1.3.0] AndroidManifest.xml:47:17-88
122-->[androidx.profileinstaller:profileinstaller:1.3.0] AndroidManifest.xml:47:25-85
123            </intent-filter>
124            <intent-filter>
124-->[androidx.profileinstaller:profileinstaller:1.3.0] AndroidManifest.xml:49:13-51:29
125                <action android:name="androidx.profileinstaller.action.BENCHMARK_OPERATION" />
125-->[androidx.profileinstaller:profileinstaller:1.3.0] AndroidManifest.xml:50:17-95
125-->[androidx.profileinstaller:profileinstaller:1.3.0] AndroidManifest.xml:50:25-92
126            </intent-filter>
127        </receiver>
128    </application>
129
130</manifest>